=== Patching EA started for Problem13 ===
  Population: 30 | Generations: 1000 | Mutation: 0.4
  Operators: 1281 | Tests: 928
  Initial best fitness: 0.7920
  Baseline (buggy) fitness: 0.7920
  Gen 10 | Best: 0.7920 | 110s
  Gen 20 | Best: 0.7920 | 195s
  Gen 30 | Best: 0.8028 | 278s
  Time limit reached.

=== EA finished for Problem13 ===
  Best fitness: 0.8125
  Generations:  34
  Patch: operator[4] == -> >=
  Patch: operator[66] < -> !=
  Patch: operator[121] < -> ==
  Patch: operator[740] == -> >=
  Patch: operator[784] != -> <=
  Patch: operator[973] != -> <=
  Patch: operator[1092] <= -> <
  Total operators patched: 7
