=== Patching EA started for Problem11 ===
  Population: 30 | Generations: 1000 | Mutation: 0.4
  Operators: 353 | Tests: 371
  Initial best fitness: 0.8410
  Baseline (buggy) fitness: 0.8410
  Gen 10 | Best: 0.8895 | 32s
  Gen 20 | Best: 0.8895 | 54s
  Gen 27 | Best: 1.0000 | 71s
  Perfect fitness at generation 28

=== EA finished for Problem11 ===
  Best fitness: 1.0
  Generations:  28
  Patch: operator[6] == -> <
  Patch: operator[7] == -> >
  Patch: operator[11] == -> <=
  Patch: operator[31] == -> >=
  Patch: operator[34] == -> <
  Patch: operator[39] == -> !=
  Patch: operator[65] == -> <=
  Patch: operator[68] == -> >=
  Patch: operator[75] == -> >
  Patch: operator[78] == -> >=
  Patch: operator[92] == -> !=
  Patch: operator[104] == -> <
  Patch: operator[137] == -> <
  Patch: operator[139] == -> <
  Patch: operator[140] == -> <
  Patch: operator[168] == -> !=
  Patch: operator[179] == -> !=
  Patch: operator[223] != -> ==
  Patch: operator[295] == -> <=
  Patch: operator[322] == -> <=
  Patch: operator[340] != -> ==
  Patch: operator[344] == -> <=
  Patch: operator[346] == -> <=
  Patch: operator[350] != -> <=
  Total operators patched: 24
