=== Patching EA started for Problem13 ===
  Population: 30 | Generations: 1000 | Mutation: 0.4
  Operators: 1281 | Tests: 928
  Initial best fitness: 0.7920
  Baseline (buggy) fitness: 0.7920
  Gen 10 | Best: 0.7931 | 104s
  Gen 20 | Best: 0.7931 | 187s
  Gen 30 | Best: 0.8642 | 271s
  Time limit reached.

=== EA finished for Problem13 ===
  Best fitness: 0.8642241379310345
  Generations:  35
  Patch: operator[51] == -> !=
  Patch: operator[125] == -> <
  Patch: operator[263] == -> >=
  Patch: operator[770] != -> ==
  Patch: operator[799] == -> <=
  Patch: operator[1088] != -> <=
  Patch: operator[1225] < -> !=
  Total operators patched: 7
