=== Patching EA started for Problem11 ===
  Population: 30 | Generations: 1000 | Mutation: 0.4
  Operators: 353 | Tests: 371
  Initial best fitness: 0.8410
  Baseline (buggy) fitness: 0.8410
  Gen 10 | Best: 0.8410 | 31s
  Gen 20 | Best: 0.9461 | 52s
  Gen 26 | Best: 1.0000 | 65s
  Perfect fitness at generation 27

=== EA finished for Problem11 ===
  Best fitness: 1.0
  Generations:  27
  Patch: operator[3] == -> >
  Patch: operator[159] == -> <=
  Patch: operator[181] == -> <=
  Patch: operator[200] == -> <
  Patch: operator[210] == -> <
  Patch: operator[220] == -> <=
  Patch: operator[223] != -> >=
  Patch: operator[266] == -> <=
  Patch: operator[268] == -> >=
  Patch: operator[325] == -> >=
  Patch: operator[340] != -> <=
  Patch: operator[350] != -> ==
  Total operators patched: 12
