=== Patching EA started for Problem11 ===
  Population: 30 | Generations: 1000 | Mutation: 0.4
  Operators: 353 | Tests: 371
  Initial best fitness: 0.8410
  Baseline (buggy) fitness: 0.8410
  Gen 10 | Best: 0.8410 | 34s
  Gen 20 | Best: 0.9596 | 58s
  Gen 30 | Best: 0.9596 | 81s
  Gen 40 | Best: 0.9596 | 103s
  Gen 42 | Best: 1.0000 | 107s
  Perfect fitness at generation 43

=== EA finished for Problem11 ===
  Best fitness: 1.0
  Generations:  43
  Patch: operator[60] == -> >=
  Patch: operator[79] == -> <=
  Patch: operator[106] == -> <=
  Patch: operator[124] == -> <
  Patch: operator[135] == -> !=
  Patch: operator[151] == -> >=
  Patch: operator[211] == -> >
  Patch: operator[223] != -> ==
  Patch: operator[273] == -> <=
  Patch: operator[340] != -> ==
  Patch: operator[350] != -> ==
  Total operators patched: 11
