=== Patching EA started for Problem13 ===
  Population: 30 | Generations: 1000 | Mutation: 0.4
  Operators: 1281 | Tests: 928
  Initial best fitness: 0.7920
  Baseline (buggy) fitness: 0.7920
  Gen 10 | Best: 0.7920 | 110s
  Gen 20 | Best: 0.9677 | 194s
  Gen 30 | Best: 0.9677 | 280s
  Time limit reached.

=== EA finished for Problem13 ===
  Best fitness: 0.9676724137931034
  Generations:  34
  Patch: operator[5] == -> !=
  Patch: operator[46] < -> !=
  Patch: operator[178] < -> ==
  Patch: operator[720] == -> <=
  Patch: operator[903] == -> >=
  Patch: operator[1088] != -> ==
  Patch: operator[1132] != -> <=
  Patch: operator[1275] <= -> <
  Total operators patched: 8
