=== Patching EA started for Problem13 ===
  Population: 30 | Generations: 1000 | Mutation: 0.4
  Operators: 1281 | Tests: 928
  Initial best fitness: 0.7920
  Baseline (buggy) fitness: 0.7920
  Gen 10 | Best: 0.7920 | 120s
  Gen 20 | Best: 0.7920 | 208s
  Gen 30 | Best: 0.8028 | 293s
  Time limit reached.

=== EA finished for Problem13 ===
  Best fitness: 0.802801724137931
  Generations:  32
  Patch: operator[21] <= -> ==
  Patch: operator[780] == -> >=
  Patch: operator[784] != -> <=
  Patch: operator[825] != -> <=
  Patch: operator[1008] == -> <=
  Patch: operator[1169] <= -> !=
  Patch: operator[1210] < -> !=
  Total operators patched: 7
