=== Patching EA started for Problem12 ===
  Population: 30 | Generations: 1000 | Mutation: 0.4
  Operators: 1110 | Tests: 641
  Initial best fitness: 0.2621
  Baseline (buggy) fitness: 0.2621
  Gen 10 | Best: 0.4883 | 82s
  Gen 20 | Best: 0.5335 | 143s
  Gen 30 | Best: 0.5476 | 199s
  Gen 40 | Best: 0.5476 | 255s
  Time limit reached.

=== EA finished for Problem12 ===
  Best fitness: 0.5475819032761311
  Generations:  49
  Patch: operator[9] == -> <
  Patch: operator[74] >= -> <=
  Patch: operator[92] < -> >
  Patch: operator[97] == -> >=
  Patch: operator[99] >= -> <
  Patch: operator[106] < -> >
  Patch: operator[158] == -> <=
  Patch: operator[160] == -> >=
  Patch: operator[164] == -> !=
  Patch: operator[172] == -> >=
  Patch: operator[184] == -> >=
  Patch: operator[186] == -> >
  Patch: operator[195] == -> >
  Patch: operator[196] == -> >=
  Patch: operator[209] == -> >
  Patch: operator[258] <= -> >
  Patch: operator[273] <= -> <
  Patch: operator[279] < -> <=
  Patch: operator[288] == -> <
  Patch: operator[297] <= -> >
  Patch: operator[319] < -> <=
  Patch: operator[323] == -> >=
  Patch: operator[357] >= -> <
  Patch: operator[358] < -> <=
  Patch: operator[371] < -> ==
  Patch: operator[401] >= -> >
  Patch: operator[440] >= -> >
  Patch: operator[619] == -> <=
  Patch: operator[663] <= -> !=
  Patch: operator[692] <= -> >
  Patch: operator[714] <= -> >=
  Patch: operator[716] == -> <
  Patch: operator[742] <= -> !=
  Patch: operator[767] < -> >
  Patch: operator[771] >= -> >
  Patch: operator[775] == -> >=
  Patch: operator[787] == -> >
  Patch: operator[794] >= -> <
  Patch: operator[804] < -> !=
  Patch: operator[832] > -> !=
  Patch: operator[858] >= -> !=
  Patch: operator[882] >= -> !=
  Patch: operator[883] == -> <=
  Patch: operator[921] == -> <=
  Patch: operator[926] == -> <=
  Patch: operator[930] == -> <
  Patch: operator[941] >= -> >
  Patch: operator[946] >= -> >
  Patch: operator[990] == -> >=
  Patch: operator[1004] == -> <
  Patch: operator[1013] >= -> <
  Patch: operator[1022] == -> >=
  Patch: operator[1030] <= -> <
  Total operators patched: 53
