=== Patching EA started for Problem13 ===
  Population: 30 | Generations: 1000 | Mutation: 0.4
  Operators: 1281 | Tests: 928
  Initial best fitness: 0.7920
  Baseline (buggy) fitness: 0.7920
  Gen 10 | Best: 0.7920 | 118s
  Gen 20 | Best: 0.7920 | 212s
  Time limit reached.

=== EA finished for Problem13 ===
  Best fitness: 0.8954741379310345
  Generations:  30
  Patch: operator[3] == -> >
  Patch: operator[102] == -> <
  Patch: operator[169] == -> <=
  Patch: operator[264] == -> >=
  Patch: operator[359] == -> <=
  Patch: operator[855] >= -> >
  Patch: operator[1132] != -> <=
  Patch: operator[1232] == -> >=
  Patch: operator[1270] == -> >=
  Total operators patched: 9
