=== Patching EA started for Problem12 ===
  Population: 30 | Generations: 1000 | Mutation: 0.4
  Operators: 1110 | Tests: 641
  Initial best fitness: 0.2621
  Baseline (buggy) fitness: 0.2621
  Gen 10 | Best: 0.4555 | 86s
  Gen 20 | Best: 0.4555 | 142s
  Gen 30 | Best: 0.4571 | 207s
  Gen 40 | Best: 0.4571 | 277s
  Time limit reached.

=== EA finished for Problem12 ===
  Best fitness: 0.45709828393135726
  Generations:  45
  Patch: operator[127] == -> >
  Patch: operator[307] == -> <=
  Patch: operator[651] >= -> !=
  Patch: operator[692] <= -> ==
  Patch: operator[793] < -> !=
  Patch: operator[924] == -> <
  Patch: operator[975] == -> <=
  Patch: operator[999] >= -> <
  Total operators patched: 8
