=== Patching EA started for Problem11 ===
  Population: 30 | Generations: 1000 | Mutation: 0.0
  Operators: 353 | Tests: 371
  Initial best fitness: 0.8410
  Baseline (buggy) fitness: 0.8410
  Gen 10 | Best: 0.8410 | 24s
  Gen 20 | Best: 0.8410 | 40s
  Gen 30 | Best: 0.8410 | 56s
  Gen 40 | Best: 0.8410 | 71s
  Gen 50 | Best: 0.8410 | 87s
  Gen 60 | Best: 0.8410 | 103s
  Gen 70 | Best: 0.8410 | 119s
  Gen 80 | Best: 0.8410 | 134s
  Gen 90 | Best: 0.8410 | 150s
  Gen 100 | Best: 0.8410 | 166s
  Gen 110 | Best: 0.8410 | 182s
  Gen 120 | Best: 0.8410 | 198s
  Gen 130 | Best: 0.8410 | 214s
  Gen 140 | Best: 0.8410 | 230s
  Gen 150 | Best: 0.8410 | 245s
  Gen 160 | Best: 0.8410 | 261s
  Gen 170 | Best: 0.8410 | 277s
  Gen 180 | Best: 0.8410 | 294s
  Time limit reached.

=== EA finished for Problem11 ===
  Best fitness: 0.8409703504043127
  Generations:  185
  Total operators patched: 0
