=== Patching EA started for Problem12 ===
  Population: 30 | Generations: 1000 | Mutation: 0.0
  Operators: 1110 | Tests: 641
  Initial best fitness: 0.2871
  Baseline (buggy) fitness: 0.2621
  Gen 10 | Best: 0.3011 | 62s
  Gen 20 | Best: 0.3011 | 113s
  Gen 30 | Best: 0.3011 | 163s
  Gen 40 | Best: 0.3011 | 214s
  Gen 50 | Best: 0.3011 | 265s
  Time limit reached.

=== EA finished for Problem12 ===
  Best fitness: 0.30109204368174725
  Generations:  58
  Patch: operator[2] == -> <
  Patch: operator[50] == -> <
  Patch: operator[74] >= -> <=
  Patch: operator[99] >= -> >
  Patch: operator[103] < -> >
  Patch: operator[132] == -> <
  Patch: operator[136] == -> >=
  Patch: operator[157] == -> >
  Patch: operator[158] == -> <=
  Patch: operator[220] == -> >=
  Patch: operator[221] == -> <=
  Patch: operator[229] == -> >=
  Patch: operator[290] != -> <=
  Patch: operator[403] < -> >
  Patch: operator[446] >= -> <
  Patch: operator[486] == -> <=
  Patch: operator[509] == -> !=
  Patch: operator[516] == -> >=
  Patch: operator[537] >= -> >
  Patch: operator[542] == -> <
  Patch: operator[575] == -> <=
  Patch: operator[614] == -> !=
  Patch: operator[626] < -> >
  Patch: operator[666] <= -> !=
  Patch: operator[737] == -> <
  Patch: operator[753] >= -> <
  Patch: operator[758] < -> >=
  Patch: operator[790] == -> <
  Patch: operator[808] >= -> <=
  Patch: operator[812] >= -> ==
  Patch: operator[824] == -> !=
  Patch: operator[842] < -> >
  Patch: operator[914] >= -> >
  Patch: operator[921] == -> !=
  Patch: operator[946] >= -> !=
  Patch: operator[993] >= -> >
  Patch: operator[1029] == -> <=
  Patch: operator[1052] < -> <=
  Patch: operator[1082] < -> ==
  Total operators patched: 39
