=== Patching EA started for Problem11 ===
  Population: 30 | Generations: 1000 | Mutation: 0.4
  Operators: 353 | Tests: 371
  Initial best fitness: 0.8814
  Baseline (buggy) fitness: 0.8410
  Gen 10 | Best: 0.9461 | 31s
  Gen 20 | Best: 0.9865 | 53s
  Gen 28 | Best: 1.0000 | 70s
  Perfect fitness at generation 29

=== EA finished for Problem11 ===
  Best fitness: 1.0
  Generations:  29
  Patch: operator[15] == -> >=
  Patch: operator[72] == -> <=
  Patch: operator[75] == -> !=
  Patch: operator[120] == -> !=
  Patch: operator[159] == -> !=
  Patch: operator[170] == -> !=
  Patch: operator[223] != -> ==
  Patch: operator[340] != -> ==
  Patch: operator[344] == -> <=
  Patch: operator[350] != -> ==
  Total operators patched: 10
