=== Patching EA started for Problem11 ===
  Population: 30 | Generations: 1000 | Mutation: 0.4
  Operators: 353 | Tests: 371
  Initial best fitness: 0.8410
  Baseline (buggy) fitness: 0.8410
  Gen 10 | Best: 0.8895 | 34s
  Gen 20 | Best: 0.8895 | 60s
  Gen 30 | Best: 0.8895 | 82s
  Gen 35 | Best: 1.0000 | 93s
  Perfect fitness at generation 36

=== EA finished for Problem11 ===
  Best fitness: 1.0
  Generations:  36
  Patch: operator[40] == -> >
  Patch: operator[46] == -> !=
  Patch: operator[58] == -> <
  Patch: operator[66] == -> <
  Patch: operator[104] == -> <
  Patch: operator[118] == -> >=
  Patch: operator[126] == -> !=
  Patch: operator[133] == -> >=
  Patch: operator[180] == -> >
  Patch: operator[215] == -> !=
  Patch: operator[223] != -> <=
  Patch: operator[252] == -> <=
  Patch: operator[265] == -> >=
  Patch: operator[294] == -> >=
  Patch: operator[309] == -> >=
  Patch: operator[310] == -> <=
  Patch: operator[312] == -> <=
  Patch: operator[328] == -> <=
  Patch: operator[340] != -> ==
  Patch: operator[343] == -> >=
  Patch: operator[350] != -> <=
  Total operators patched: 21
