=== Patching EA started for Problem11 ===
  Population: 30 | Generations: 1000 | Mutation: 0.4
  Operators: 353 | Tests: 371
  Initial best fitness: 0.8760
  Baseline (buggy) fitness: 0.8410
  Gen 10 | Best: 0.8760 | 30s
  Gen 17 | Best: 1.0000 | 46s
  Perfect fitness at generation 18

=== EA finished for Problem11 ===
  Best fitness: 1.0
  Generations:  18
  Patch: operator[28] == -> >
  Patch: operator[51] == -> <=
  Patch: operator[73] == -> !=
  Patch: operator[81] == -> <
  Patch: operator[84] == -> <=
  Patch: operator[101] == -> !=
  Patch: operator[116] == -> !=
  Patch: operator[120] == -> >=
  Patch: operator[126] == -> >=
  Patch: operator[144] == -> >=
  Patch: operator[155] == -> <
  Patch: operator[157] == -> >=
  Patch: operator[209] == -> <=
  Patch: operator[210] == -> !=
  Patch: operator[223] != -> <=
  Patch: operator[287] == -> <=
  Patch: operator[308] == -> >=
  Patch: operator[340] != -> >=
  Patch: operator[346] == -> <=
  Patch: operator[350] != -> >=
  Total operators patched: 20
