=== Patching EA started for Problem11 ===
  Population: 30 | Generations: 1000 | Mutation: 0.4
  Operators: 353 | Tests: 371
  Initial best fitness: 0.8410
  Baseline (buggy) fitness: 0.8410
  Gen 10 | Best: 0.8544 | 32s
  Gen 20 | Best: 0.8895 | 55s
  Gen 22 | Best: 1.0000 | 60s
  Perfect fitness at generation 23

=== EA finished for Problem11 ===
  Best fitness: 1.0
  Generations:  23
  Patch: operator[2] == -> <=
  Patch: operator[53] == -> >=
  Patch: operator[58] == -> <
  Patch: operator[84] == -> <=
  Patch: operator[97] == -> >=
  Patch: operator[106] == -> >=
  Patch: operator[135] == -> !=
  Patch: operator[186] == -> <=
  Patch: operator[223] != -> >=
  Patch: operator[266] == -> >=
  Patch: operator[300] == -> >=
  Patch: operator[340] != -> ==
  Patch: operator[348] == -> <=
  Patch: operator[350] != -> <=
  Total operators patched: 14
