=== Patching EA started for Problem11 ===
  Population: 30 | Generations: 1000 | Mutation: 0.4
  Operators: 353 | Tests: 371
  Initial best fitness: 0.9434
  Baseline (buggy) fitness: 0.8410
  Gen 10 | Best: 0.9596 | 33s
  Gen 20 | Best: 0.9596 | 56s
  Gen 22 | Best: 1.0000 | 61s
  Perfect fitness at generation 23

=== EA finished for Problem11 ===
  Best fitness: 1.0
  Generations:  23
  Patch: operator[15] == -> !=
  Patch: operator[26] == -> <
  Patch: operator[50] == -> <
  Patch: operator[70] == -> !=
  Patch: operator[90] == -> <
  Patch: operator[101] == -> >=
  Patch: operator[118] == -> <=
  Patch: operator[223] != -> <=
  Patch: operator[334] == -> <=
  Patch: operator[337] == -> <=
  Patch: operator[339] == -> >=
  Patch: operator[340] != -> >=
  Patch: operator[344] == -> >=
  Patch: operator[350] != -> ==
  Total operators patched: 14
