=== Patching EA started for Problem11 ===
  Population: 30 | Generations: 1000 | Mutation: 0.4
  Operators: 353 | Tests: 371
  Initial best fitness: 0.8410
  Baseline (buggy) fitness: 0.8410
  Gen 10 | Best: 0.8760 | 31s
  Gen 19 | Best: 1.0000 | 53s
  Perfect fitness at generation 20

=== EA finished for Problem11 ===
  Best fitness: 1.0
  Generations:  20
  Patch: operator[29] == -> <=
  Patch: operator[42] == -> <
  Patch: operator[58] == -> >
  Patch: operator[70] == -> >
  Patch: operator[71] == -> !=
  Patch: operator[82] == -> >
  Patch: operator[83] == -> <
  Patch: operator[86] == -> <
  Patch: operator[91] == -> >
  Patch: operator[92] == -> >=
  Patch: operator[94] == -> !=
  Patch: operator[129] == -> <
  Patch: operator[132] == -> <
  Patch: operator[151] == -> <=
  Patch: operator[171] == -> !=
  Patch: operator[181] == -> <
  Patch: operator[182] == -> >=
  Patch: operator[194] == -> >
  Patch: operator[202] == -> <
  Patch: operator[205] == -> <
  Patch: operator[213] == -> >
  Patch: operator[223] != -> >=
  Patch: operator[301] == -> >=
  Patch: operator[340] != -> <=
  Patch: operator[350] != -> <=
  Total operators patched: 25
