=== Patching EA started for Problem13 ===
  Population: 30 | Generations: 1000 | Mutation: 0.4
  Operators: 1281 | Tests: 928
  Initial best fitness: 0.7920
  Baseline (buggy) fitness: 0.7920
  Gen 10 | Best: 0.7920 | 113s
  Gen 20 | Best: 0.8642 | 216s
  Time limit reached.

=== EA finished for Problem13 ===
  Best fitness: 0.8642241379310345
  Generations:  29
  Patch: operator[33] < -> !=
  Patch: operator[136] == -> >
  Patch: operator[273] <= -> !=
  Patch: operator[770] != -> <=
  Patch: operator[791] == -> <=
  Patch: operator[835] == -> >=
  Patch: operator[933] == -> >=
  Patch: operator[954] == -> <=
  Patch: operator[1080] == -> >=
  Patch: operator[1088] != -> ==
  Patch: operator[1253] <= -> !=
  Patch: operator[1271] == -> <=
  Total operators patched: 12
