=== Patching EA started for Problem11 ===
  Population: 30 | Generations: 1000 | Mutation: 0.4
  Operators: 353 | Tests: 371
  Initial best fitness: 0.8410
  Baseline (buggy) fitness: 0.8410
  Gen 10 | Best: 0.8733 | 34s
  Gen 20 | Best: 0.9973 | 58s
  Gen 26 | Best: 1.0000 | 72s
  Perfect fitness at generation 27

=== EA finished for Problem11 ===
  Best fitness: 1.0
  Generations:  27
  Patch: operator[2] == -> <=
  Patch: operator[4] == -> !=
  Patch: operator[9] == -> <
  Patch: operator[30] == -> >=
  Patch: operator[40] == -> <=
  Patch: operator[79] == -> >=
  Patch: operator[136] == -> >=
  Patch: operator[141] == -> <=
  Patch: operator[157] == -> <=
  Patch: operator[170] == -> <
  Patch: operator[218] == -> <=
  Patch: operator[223] != -> >=
  Patch: operator[247] == -> <=
  Patch: operator[277] == -> <=
  Patch: operator[340] != -> ==
  Patch: operator[345] == -> >=
  Patch: operator[350] != -> >=
  Total operators patched: 17
