=== Patching EA started for Problem11 ===
  Population: 30 | Generations: 1000 | Mutation: 0.4
  Operators: 353 | Tests: 371
  Initial best fitness: 0.8410
  Baseline (buggy) fitness: 0.8410
  Gen 10 | Best: 0.9596 | 32s
  Gen 20 | Best: 0.9596 | 55s
  Gen 25 | Best: 1.0000 | 67s
  Perfect fitness at generation 26

=== EA finished for Problem11 ===
  Best fitness: 1.0
  Generations:  26
  Patch: operator[60] == -> >
  Patch: operator[78] == -> <
  Patch: operator[101] == -> <=
  Patch: operator[143] == -> >
  Patch: operator[152] == -> >
  Patch: operator[223] != -> <=
  Patch: operator[301] == -> <=
  Patch: operator[340] != -> <=
  Patch: operator[350] != -> <=
  Total operators patched: 9
