=== Patching EA started for Problem11 ===
  Population: 30 | Generations: 1000 | Mutation: 0.4
  Operators: 353 | Tests: 371
  Initial best fitness: 0.8410
  Baseline (buggy) fitness: 0.8410
  Gen 10 | Best: 0.9569 | 33s
  Gen 20 | Best: 0.9865 | 56s
  Gen 21 | Best: 1.0000 | 59s
  Perfect fitness at generation 22

=== EA finished for Problem11 ===
  Best fitness: 1.0
  Generations:  22
  Patch: operator[26] == -> <=
  Patch: operator[42] == -> <
  Patch: operator[43] == -> >=
  Patch: operator[44] == -> <
  Patch: operator[48] == -> !=
  Patch: operator[53] == -> <=
  Patch: operator[54] == -> <=
  Patch: operator[61] == -> <
  Patch: operator[65] == -> >
  Patch: operator[68] == -> >
  Patch: operator[85] == -> <
  Patch: operator[91] == -> <=
  Patch: operator[93] == -> !=
  Patch: operator[109] == -> <
  Patch: operator[113] == -> <
  Patch: operator[114] == -> >=
  Patch: operator[133] == -> >=
  Patch: operator[162] == -> >=
  Patch: operator[165] == -> !=
  Patch: operator[200] == -> >=
  Patch: operator[211] == -> !=
  Patch: operator[223] != -> <=
  Patch: operator[237] == -> >=
  Patch: operator[286] == -> <=
  Patch: operator[340] != -> <=
  Patch: operator[350] != -> >=
  Total operators patched: 26
