=== Patching EA started for Problem11 ===
  Population: 30 | Generations: 1000 | Mutation: 0.4
  Operators: 353 | Tests: 371
  Initial best fitness: 0.8410
  Baseline (buggy) fitness: 0.8410
  Gen 10 | Best: 0.8544 | 31s
  Gen 20 | Best: 0.9596 | 53s
  Gen 30 | Best: 0.9596 | 74s
  Gen 39 | Best: 1.0000 | 93s
  Perfect fitness at generation 40

=== EA finished for Problem11 ===
  Best fitness: 1.0
  Generations:  40
  Patch: operator[73] == -> >
  Patch: operator[89] == -> >
  Patch: operator[115] == -> !=
  Patch: operator[117] == -> <
  Patch: operator[130] == -> >
  Patch: operator[133] == -> >
  Patch: operator[143] == -> !=
  Patch: operator[146] == -> <
  Patch: operator[149] == -> >=
  Patch: operator[177] == -> >=
  Patch: operator[186] == -> >=
  Patch: operator[223] != -> >=
  Patch: operator[243] == -> <=
  Patch: operator[273] == -> >=
  Patch: operator[292] == -> >=
  Patch: operator[340] != -> ==
  Patch: operator[350] != -> ==
  Total operators patched: 17
