=== Patching EA started for Problem12 ===
  Population: 30 | Generations: 1000 | Mutation: 0.4
  Operators: 1110 | Tests: 641
  Initial best fitness: 0.2621
  Baseline (buggy) fitness: 0.2621
  Gen 10 | Best: 0.4665 | 81s
  Gen 20 | Best: 0.5023 | 145s
  Gen 30 | Best: 0.5023 | 214s
  Gen 40 | Best: 0.5023 | 284s
  Time limit reached.

=== EA finished for Problem12 ===
  Best fitness: 0.5023400936037441
  Generations:  44
  Patch: operator[80] <= -> >=
  Patch: operator[99] >= -> !=
  Patch: operator[290] != -> >=
  Patch: operator[802] < -> !=
  Patch: operator[920] == -> >
  Patch: operator[921] == -> >
  Patch: operator[928] <= -> >=
  Patch: operator[944] == -> !=
  Patch: operator[949] < -> <=
  Patch: operator[951] == -> <
  Patch: operator[962] < -> <=
  Patch: operator[995] < -> <=
  Patch: operator[1003] == -> <
  Patch: operator[1012] < -> !=
  Patch: operator[1050] == -> >=
  Patch: operator[1067] == -> !=
  Patch: operator[1091] == -> <=
  Patch: operator[1109] == -> >
  Total operators patched: 18
