=== Patching EA started for Problem13 ===
  Population: 30 | Generations: 1000 | Mutation: 0.4
  Operators: 1281 | Tests: 928
  Initial best fitness: 0.7920
  Baseline (buggy) fitness: 0.7920
  Gen 10 | Best: 0.7931 | 117s
  Gen 20 | Best: 0.7931 | 222s
  Time limit reached.

=== EA finished for Problem13 ===
  Best fitness: 0.7931034482758621
  Generations:  29
  Patch: operator[7] <= -> <
  Patch: operator[9] == -> <=
  Patch: operator[14] == -> !=
  Patch: operator[16] == -> <
  Patch: operator[21] <= -> !=
  Patch: operator[35] == -> !=
  Patch: operator[40] == -> !=
  Patch: operator[50] == -> <
  Patch: operator[79] != -> <
  Patch: operator[102] == -> <
  Patch: operator[770] != -> <=
  Total operators patched: 11
