=== Patching EA started for Problem11 ===
  Population: 30 | Generations: 1000 | Mutation: 0.4
  Operators: 353 | Tests: 371
  Initial best fitness: 0.8410
  Baseline (buggy) fitness: 0.8410
  Gen 10 | Best: 0.8760 | 33s
  Gen 20 | Best: 0.8895 | 56s
  Gen 30 | Best: 0.9730 | 79s
  Gen 37 | Best: 1.0000 | 95s
  Perfect fitness at generation 38

=== EA finished for Problem11 ===
  Best fitness: 1.0
  Generations:  38
  Patch: operator[12] == -> !=
  Patch: operator[35] == -> !=
  Patch: operator[37] == -> <
  Patch: operator[40] == -> >=
  Patch: operator[51] == -> !=
  Patch: operator[73] == -> !=
  Patch: operator[126] == -> <=
  Patch: operator[130] == -> <=
  Patch: operator[135] == -> >
  Patch: operator[152] == -> <=
  Patch: operator[158] == -> >
  Patch: operator[168] == -> >=
  Patch: operator[173] == -> !=
  Patch: operator[176] == -> >
  Patch: operator[178] == -> <=
  Patch: operator[187] == -> <=
  Patch: operator[223] != -> ==
  Patch: operator[251] == -> >=
  Patch: operator[320] == -> <=
  Patch: operator[321] == -> >=
  Patch: operator[330] == -> >=
  Patch: operator[340] != -> >=
  Patch: operator[344] == -> >=
  Patch: operator[345] == -> >=
  Patch: operator[347] == -> >=
  Patch: operator[350] != -> ==
  Total operators patched: 26
