=== Patching EA started for Problem12 ===
  Population: 30 | Generations: 1000 | Mutation: 0.4
  Operators: 1110 | Tests: 641
  Initial best fitness: 0.2621
  Baseline (buggy) fitness: 0.2621
  Gen 10 | Best: 0.3027 | 83s
  Gen 20 | Best: 0.3385 | 150s
  Gen 30 | Best: 0.3385 | 215s
  Gen 40 | Best: 0.4228 | 278s
  Time limit reached.

=== EA finished for Problem12 ===
  Best fitness: 0.7535101404056163
  Generations:  45
  Patch: operator[225] == -> >=
  Patch: operator[290] != -> ==
  Patch: operator[342] < -> ==
  Patch: operator[357] >= -> ==
  Patch: operator[555] >= -> !=
  Patch: operator[646] < -> >
  Patch: operator[653] == -> !=
  Patch: operator[700] == -> >=
  Patch: operator[706] == -> !=
  Patch: operator[766] == -> <
  Patch: operator[952] == -> <=
  Patch: operator[997] != -> ==
  Patch: operator[1020] >= -> !=
  Patch: operator[1053] >= -> !=
  Patch: operator[1056] < -> >=
  Patch: operator[1087] == -> <=
  Patch: operator[1100] >= -> !=
  Total operators patched: 17
