=== Patching EA started for Problem11 ===
  Population: 30 | Generations: 1000 | Mutation: 0.4
  Operators: 353 | Tests: 371
  Initial best fitness: 0.8410
  Baseline (buggy) fitness: 0.8410
  Gen 10 | Best: 0.9569 | 32s
  Gen 19 | Best: 1.0000 | 53s
  Perfect fitness at generation 20

=== EA finished for Problem11 ===
  Best fitness: 1.0
  Generations:  20
  Patch: operator[6] == -> >=
  Patch: operator[22] == -> !=
  Patch: operator[23] == -> !=
  Patch: operator[60] == -> <=
  Patch: operator[87] == -> <
  Patch: operator[107] == -> <=
  Patch: operator[133] == -> <
  Patch: operator[162] == -> >
  Patch: operator[170] == -> >=
  Patch: operator[223] != -> <=
  Patch: operator[224] == -> <=
  Patch: operator[302] == -> >=
  Patch: operator[326] == -> <=
  Patch: operator[340] != -> ==
  Patch: operator[350] != -> ==
  Total operators patched: 15
