=== Patching EA started for Problem13 ===
  Population: 30 | Generations: 1000 | Mutation: 0.4
  Operators: 1281 | Tests: 928
  Initial best fitness: 0.7920
  Baseline (buggy) fitness: 0.7920
  Gen 10 | Best: 0.8017 | 110s
  Gen 20 | Best: 0.8017 | 193s
  Gen 30 | Best: 0.8125 | 278s
  Time limit reached.

=== EA finished for Problem13 ===
  Best fitness: 0.8125
  Generations:  34
  Patch: operator[89] == -> <=
  Patch: operator[112] < -> !=
  Patch: operator[113] >= -> ==
  Patch: operator[118] == -> <
  Patch: operator[329] == -> >=
  Patch: operator[433] >= -> >
  Patch: operator[694] == -> <=
  Patch: operator[784] != -> >=
  Patch: operator[808] == -> >=
  Patch: operator[973] != -> ==
  Patch: operator[1012] == -> >=
  Patch: operator[1071] == -> <=
  Patch: operator[1087] == -> >
  Patch: operator[1091] == -> <=
  Patch: operator[1164] == -> <=
  Patch: operator[1209] == -> >=
  Patch: operator[1246] == -> <=
  Total operators patched: 17
