=== Patching EA started for Problem12 ===
  Population: 30 | Generations: 1000 | Mutation: 0.4
  Operators: 1110 | Tests: 641
  Initial best fitness: 0.3853
  Baseline (buggy) fitness: 0.2621
  Gen 10 | Best: 0.3853 | 76s
  Gen 20 | Best: 0.5086 | 141s
  Gen 30 | Best: 0.5086 | 199s
  Gen 40 | Best: 0.5086 | 252s
  Time limit reached.

=== EA finished for Problem12 ===
  Best fitness: 0.5085803432137286
  Generations:  50
  Patch: operator[7] == -> >
  Patch: operator[15] == -> !=
  Patch: operator[40] < -> !=
  Patch: operator[49] == -> >=
  Patch: operator[92] < -> <=
  Patch: operator[93] == -> >
  Patch: operator[117] == -> <
  Patch: operator[119] == -> <=
  Patch: operator[139] == -> >=
  Patch: operator[199] == -> >=
  Patch: operator[205] == -> >
  Patch: operator[239] <= -> ==
  Patch: operator[288] == -> >=
  Patch: operator[324] < -> !=
  Patch: operator[395] == -> >=
  Patch: operator[419] < -> ==
  Patch: operator[489] == -> >
  Patch: operator[490] < -> >=
  Patch: operator[500] >= -> <=
  Patch: operator[516] == -> <=
  Patch: operator[600] < -> >
  Patch: operator[607] >= -> !=
  Patch: operator[652] == -> !=
  Patch: operator[793] < -> ==
  Patch: operator[831] == -> !=
  Patch: operator[858] >= -> >
  Patch: operator[873] < -> !=
  Patch: operator[981] >= -> <=
  Patch: operator[997] != -> <=
  Patch: operator[1023] <= -> <
  Patch: operator[1069] == -> >
  Patch: operator[1082] < -> <=
  Patch: operator[1095] < -> !=
  Total operators patched: 33
